<?xml version="1.0" encoding="UTF-8"?>
<!-- Generated by org.testng.reporters.JUnitXMLReporter -->
<testsuite ignored="0" hostname="BLR-LAP-125" failures="0" tests="3" name="Default test" time="10.703" errors="0" timestamp="2023-07-27T12:05:35 IST">
  <testcase classname="PageObjClasses.NestedFrames" name="clickOnNestedFrame" time="0.137"/>
  <testcase classname="PageObjClasses.NestedFrames" name="OuterFramevalidation" time="0.216"/>
  <testcase classname="PageObjClasses.NestedFrames" name="innerFrameValidation" time="0.047"/>
</testsuite> <!-- Default test -->
