<?xml version="1.0" encoding="UTF-8"?>
<!-- Generated by org.testng.reporters.JUnitXMLReporter -->
<testsuite ignored="0" hostname="BLR-LAP-125" failures="0" tests="3" name="Default test" time="13.254" errors="0" timestamp="2023-11-20T12:00:01 IST">
  <testcase classname="PageObjClasses.Resizable" name="clickOnResizable" time="0.198"/>
  <testcase classname="PageObjClasses.Resizable" name="resizeInnerWindow" time="0.487"/>
  <testcase classname="PageObjClasses.Resizable" name="resizeWindow" time="0.418"/>
</testsuite> <!-- Default test -->
