<?xml version="1.0" encoding="UTF-8"?>
<testng-results ignored="0" total="3" passed="3" failed="0" skipped="0">
  <reporter-output>
  </reporter-output>
  <suite started-at="2023-07-27T12:05:24 IST" name="Default suite" finished-at="2023-07-27T12:05:35 IST" duration-ms="10703">
    <groups>
    </groups>
    <test started-at="2023-07-27T12:05:24 IST" name="Default test" finished-at="2023-07-27T12:05:35 IST" duration-ms="10703">
      <class name="PageObjClasses.NestedFrames">
        <test-method is-config="true" signature="getDriver()[pri:0, instance:PageObjClasses.NestedFrames@4f2b503c]" started-at="2023-07-27T12:05:24 IST" name="getDriver" finished-at="2023-07-27T12:05:34 IST" duration-ms="10275" status="PASS">
          <reporter-output>
          </reporter-output>
        </test-method> <!-- getDriver -->
        <test-method signature="clickOnNestedFrame()[pri:0, instance:PageObjClasses.NestedFrames@4f2b503c]" started-at="2023-07-27T12:05:34 IST" name="clickOnNestedFrame" finished-at="2023-07-27T12:05:34 IST" duration-ms="137" status="PASS">
          <reporter-output>
          </reporter-output>
        </test-method> <!-- clickOnNestedFrame -->
        <test-method signature="OuterFramevalidation()[pri:1, instance:PageObjClasses.NestedFrames@4f2b503c]" started-at="2023-07-27T12:05:34 IST" name="OuterFramevalidation" finished-at="2023-07-27T12:05:35 IST" duration-ms="216" status="PASS">
          <reporter-output>
          </reporter-output>
        </test-method> <!-- OuterFramevalidation -->
        <test-method signature="innerFrameValidation()[pri:2, instance:PageObjClasses.NestedFrames@4f2b503c]" started-at="2023-07-27T12:05:35 IST" name="innerFrameValidation" finished-at="2023-07-27T12:05:35 IST" duration-ms="47" status="PASS">
          <reporter-output>
          </reporter-output>
        </test-method> <!-- innerFrameValidation -->
      </class> <!-- PageObjClasses.NestedFrames -->
    </test> <!-- Default test -->
  </suite> <!-- Default suite -->
</testng-results>
